  Accelerometer.cpp
c1xx : fatal error C1083: Cannot open source file: '\src\controller\cpp\Accelerometer.cpp': No such file or directory
  Altimeter.cpp
c1xx : fatal error C1083: Cannot open source file: '\src\controller\cpp\Altimeter.cpp': No such file or directory
  Brake.cpp
c1xx : fatal error C1083: Cannot open source file: '\src\controller\cpp\Brake.cpp': No such file or directory
  Camera.cpp
c1xx : fatal error C1083: Cannot open source file: '\src\controller\cpp\Camera.cpp': No such file or directory
  Compass.cpp
c1xx : fatal error C1083: Cannot open source file: '\src\controller\cpp\Compass.cpp': No such file or directory
  Connector.cpp
c1xx : fatal error C1083: Cannot open source file: '\src\controller\cpp\Connector.cpp': No such file or directory
  Device.cpp
c1xx : fatal error C1083: Cannot open source file: '\src\controller\cpp\Device.cpp': No such file or directory
  Display.cpp
c1xx : fatal error C1083: Cannot open source file: '\src\controller\cpp\Display.cpp': No such file or directory
  DistanceSensor.cpp
c1xx : fatal error C1083: Cannot open source file: '\src\controller\cpp\DistanceSensor.cpp': No such file or directory
  Emitter.cpp
c1xx : fatal error C1083: Cannot open source file: '\src\controller\cpp\Emitter.cpp': No such file or directory
  Field.cpp
c1xx : fatal error C1083: Cannot open source file: '\src\controller\cpp\Field.cpp': No such file or directory
  GPS.cpp
c1xx : fatal error C1083: Cannot open source file: '\src\controller\cpp\GPS.cpp': No such file or directory
  Gyro.cpp
c1xx : fatal error C1083: Cannot open source file: '\src\controller\cpp\Gyro.cpp': No such file or directory
  InertialUnit.cpp
c1xx : fatal error C1083: Cannot open source file: '\src\controller\cpp\InertialUnit.cpp': No such file or directory
  Joystick.cpp
c1xx : fatal error C1083: Cannot open source file: '\src\controller\cpp\Joystick.cpp': No such file or directory
  Keyboard.cpp
c1xx : fatal error C1083: Cannot open source file: '\src\controller\cpp\Keyboard.cpp': No such file or directory
  LED.cpp
c1xx : fatal error C1083: Cannot open source file: '\src\controller\cpp\LED.cpp': No such file or directory
  Lidar.cpp
c1xx : fatal error C1083: Cannot open source file: '\src\controller\cpp\Lidar.cpp': No such file or directory
  LightSensor.cpp
c1xx : fatal error C1083: Cannot open source file: '\src\controller\cpp\LightSensor.cpp': No such file or directory
  Motion.cpp
c1xx : fatal error C1083: Cannot open source file: '\src\controller\cpp\Motion.cpp': No such file or directory
  Compiling...
  Motor.cpp
c1xx : fatal error C1083: Cannot open source file: '\src\controller\cpp\Motor.cpp': No such file or directory
  Mouse.cpp
c1xx : fatal error C1083: Cannot open source file: '\src\controller\cpp\Mouse.cpp': No such file or directory
  Node.cpp
c1xx : fatal error C1083: Cannot open source file: '\src\controller\cpp\Node.cpp': No such file or directory
  Pen.cpp
c1xx : fatal error C1083: Cannot open source file: '\src\controller\cpp\Pen.cpp': No such file or directory
  PositionSensor.cpp
c1xx : fatal error C1083: Cannot open source file: '\src\controller\cpp\PositionSensor.cpp': No such file or directory
  Radar.cpp
c1xx : fatal error C1083: Cannot open source file: '\src\controller\cpp\Radar.cpp': No such file or directory
  RangeFinder.cpp
c1xx : fatal error C1083: Cannot open source file: '\src\controller\cpp\RangeFinder.cpp': No such file or directory
  Receiver.cpp
c1xx : fatal error C1083: Cannot open source file: '\src\controller\cpp\Receiver.cpp': No such file or directory
  Robot.cpp
c1xx : fatal error C1083: Cannot open source file: '\src\controller\cpp\Robot.cpp': No such file or directory
  Skin.cpp
c1xx : fatal error C1083: Cannot open source file: '\src\controller\cpp\Skin.cpp': No such file or directory
  Speaker.cpp
c1xx : fatal error C1083: Cannot open source file: '\src\controller\cpp\Speaker.cpp': No such file or directory
  Supervisor.cpp
c1xx : fatal error C1083: Cannot open source file: '\src\controller\cpp\Supervisor.cpp': No such file or directory
  TouchSensor.cpp
c1xx : fatal error C1083: Cannot open source file: '\src\controller\cpp\TouchSensor.cpp': No such file or directory
  z5162440_PhaseA_controllers.cpp
C:\Users\rolle\source\repos\UNI\MTRN4110\z5162440_MTRN4110_PhaseA\controllers\z5162440_PhaseA_controllers\z5162440_PhaseA_controllers.cpp(19,10): fatal error C1083: Cannot open include file: 'webots/Robot.hpp': No such file or directory
